0 info it worked if it ends with ok
1 verbose cli [ '/usr/local/bin/node', '/usr/local/bin/npm', 'run', 'dev' ]
2 info using npm@3.10.10
3 info using node@v6.11.2
4 verbose run-script [ 'predev', 'dev', 'postdev' ]
5 info lifecycle personal@1.0.0~predev: personal@1.0.0
6 silly lifecycle personal@1.0.0~predev: no script for predev, continuing
7 info lifecycle personal@1.0.0~dev: personal@1.0.0
8 verbose lifecycle personal@1.0.0~dev: unsafe-perm in lifecycle true
9 verbose lifecycle personal@1.0.0~dev: PATH: /usr/local/lib/node_modules/npm/bin/node-gyp-bin:/Applications/Brackets.app/Contents/samples/root/personal/node_modules/.bin:/bin:/usr/bin:/sbin:/usr/sbin:/usr/local:/usr/local/bin:/usr/local/mysql/bin/:Users/joshuasurette/anaconda/bin:/Users/joshuasurette/Desktop/openSource/apache-maven-3.5.0/bin:/usr/local/mysql/bin/usr/bin:/bin:/usr/sbin:/sbin:/usr/local/bin:/Users/joshuasurette/Desktop/chromedriver:/opt/X11/bin:/Library/TeX/texbin
10 verbose lifecycle personal@1.0.0~dev: CWD: /Applications/Brackets.app/Contents/samples/root/personal
11 silly lifecycle personal@1.0.0~dev: Args: [ '-c',
11 silly lifecycle   'concurrent --kill-others "npm run webpack-watch" "npm run express-server"' ]
12 silly lifecycle personal@1.0.0~dev: Returned: code: 1  signal: null
13 info lifecycle personal@1.0.0~dev: Failed to exec dev script
14 verbose stack Error: personal@1.0.0 dev: `concurrent --kill-others "npm run webpack-watch" "npm run express-server"`
14 verbose stack Exit status 1
14 verbose stack     at EventEmitter.<anonymous> (/usr/local/lib/node_modules/npm/lib/utils/lifecycle.js:255:16)
14 verbose stack     at emitTwo (events.js:106:13)
14 verbose stack     at EventEmitter.emit (events.js:191:7)
14 verbose stack     at ChildProcess.<anonymous> (/usr/local/lib/node_modules/npm/lib/utils/spawn.js:40:14)
14 verbose stack     at emitTwo (events.js:106:13)
14 verbose stack     at ChildProcess.emit (events.js:191:7)
14 verbose stack     at maybeClose (internal/child_process.js:891:16)
14 verbose stack     at Process.ChildProcess._handle.onexit (internal/child_process.js:226:5)
15 verbose pkgid personal@1.0.0
16 verbose cwd /Applications/Brackets.app/Contents/samples/root/personal
17 error Darwin 15.6.0
18 error argv "/usr/local/bin/node" "/usr/local/bin/npm" "run" "dev"
19 error node v6.11.2
20 error npm  v3.10.10
21 error code ELIFECYCLE
22 error personal@1.0.0 dev: `concurrent --kill-others "npm run webpack-watch" "npm run express-server"`
22 error Exit status 1
23 error Failed at the personal@1.0.0 dev script 'concurrent --kill-others "npm run webpack-watch" "npm run express-server"'.
23 error Make sure you have the latest version of node.js and npm installed.
23 error If you do, this is most likely a problem with the personal package,
23 error not with npm itself.
23 error Tell the author that this fails on your system:
23 error     concurrent --kill-others "npm run webpack-watch" "npm run express-server"
23 error You can get information on how to open an issue for this project with:
23 error     npm bugs personal
23 error Or if that isn't available, you can get their info via:
23 error     npm owner ls personal
23 error There is likely additional logging output above.
24 verbose exit [ 1, true ]
